1656530674597	geckodriver	INFO	Listening on 127.0.0.1:63919
1656530677673	mozrunner::runner	INFO	Running command: "C:\\Program Files\\Mozilla Firefox\\firefox.exe" "--marionette" "--remote-debugging-port" "63920" "--remote-allow-hosts" "localhost" "-no-remote" "-profile" "C:\\Users\\daber\\AppData\\Local\\Temp\\rust_mozprofilezmhupO"
1656530678158	Marionette	INFO	Marionette enabled
WebDriver BiDi listening on ws://localhost:63920
console.warn: SearchSettings: "get: No settings file exists, new profile?" (new NotFoundError("Could not open the file at C:\\Users\\daber\\AppData\\Local\\Temp\\rust_mozprofilezmhupO\\search.json.mozlz4", (void 0)))
1656530680217	Marionette	INFO	Listening on port 63942
Read port: 63942
DevTools listening on ws://localhost:63920/devtools/browser/8a11f073-1a64-4762-b561-f449623e3da1
1656530680261	RemoteAgent	WARN	TLS certificate errors will be ignored for this session
JavaScript error: https://www.brandeins.de/themen/rubriken/leichte-sprache, line 171: TypeError: consent is null
1656530759316	Marionette	INFO	Stopped listening on port 63942
console.warn: TopSitesFeed: Failed to fetch data from Contile server: NetworkError when attempting to fetch resource.
remote-debugging-port" "63979" "--remote-allow-hosts" "localhost" "-no-remote" "-profile" "C:\\Users\\daber\\AppData\\Local\\Temp\\rust_mozprofilePwA0Eo"
1656530687369	Marionette	INFO	Marionette enabled
WebDriver BiDi listening on ws://localhost:63979
console.warn: SearchSettings: "get: No settings file exists, new profile?" (new NotFoundError("Could not open the file at C:\\Users\\daber\\AppData\\Local\\Temp\\rust_mozprofilePwA0Eo\\search.json.mozlz4", (void 0)))
1656530689269	Marionette	INFO	Listening on port 64004
DevTools listening on ws://localhost:63979/devtools/browser/884ecedf-df62-4a19-a7db-f252998d9c0e
Read port: 64004
1656530689393	RemoteAgent	WARN	TLS certificate errors will be ignored for this session
JavaScript error: https://www.brandeins.de/magazine/brand-eins-wirtschaftsmagazin/2020/die-neue-konsumgesellschaft/erst-mal-darfst-du-nur-ein-jahr-fest-bei-uns-arbeiten, line 175: TypeError: consent is null
JavaScript error: https://www.brandeins.de/magazine/brand-eins-wirtschaftsmagazin/2020/leistung/man-darf-auch-nicht-so-tun-als-waere-es-ein-milch-erzeugnis, line 175: TypeError: consent is null
JavaScript error: https://www.brandeins.de/magazine/brand-eins-wirtschaftsmagazin/2020/neuer-generationenvertrag/andere-leute-duerfen-damit-nicht-schaukeln-oder-huepfen, line 175: TypeError: consent is null
JavaScript error: https://www.brandeins.de/magazine/brand-eins-wirtschaftsmagazin/2020/pause/die-leute-sollen-denken-ich-muss-jetzt-schnell-was-kaufen, line 175: TypeError: consent is null
JavaScript error: https://www.brandeins.de/magazine/brand-eins-wirtschaftsmagazin/2020/unternehmertum/eine-maschine-zum-kochen-von-tee, line 175: TypeError: consent is null
JavaScript error: https://www.brandeins.de/magazine/brand-eins-wirtschaftsmagazin/2020/neu-sortieren/mit-uns-koennen-mehr-leute-geld-verdienen, line 175: TypeError: consent is null
JavaScript error: https://www.brandeins.de/magazine/brand-eins-wirtschaftsmagazin/2020/unterhaltung/ins-gefaengnis-kommt-man-nicht-einfach-so, line 175: TypeError: consent is null
JavaScript error: https://www.brandeins.de/magazine/brand-eins-wirtschaftsmagazin/2020/investieren/leichte-sprache-da-haben-sie-neues-ueber-den-umgang-mit-bibern-erfahren, line 175: TypeError: consent is null
JavaScript error: https://www.brandeins.de/magazine/brand-eins-wirtschaftsmagazin/2020/arbeiten/die-leute-finden-awesome-bestimmt-super, line 175: TypeError: consent is null
JavaScript error: https://www.brandeins.de/magazine/brand-eins-wirtschaftsmagazin/2020/kommunikation/leichte-sprache-du-sollst-viel-machen-und-wenig-reden, line 175: TypeError: consent is null
JavaScript error: https://www.brandeins.de/magazine/brand-eins-wirtschaftsmagazin/2020/eigensinn/leichte-sprache-die-hose-passt-und-mein-cousin-ist-im-gefaengnis, line 175: TypeError: consent is null
JavaScript error: https://www.brandeins.de/magazine/brand-eins-wirtschaftsmagazin/2019/schoene-bescherung/dann-wird-aus-der-belohnung-eine-strafe, line 175: TypeError: consent is null
JavaScript error: https://www.brandeins.de/magazine/brand-eins-wirtschaftsmagazin/2019/qualitaet/ich-tu-mir-so-leid-deswegen-will-ich-jetzt-zaubern-lernen, line 175: TypeError: consent is null
JavaScript error: https://www.brandeins.de/magazine/brand-eins-wirtschaftsmagazin/2019/wahrnehmung/leichte-sprache-ein-krankenhaus-ist-kein-hotel, line 175: TypeError: consent is null
JavaScript error: https://www.brandeins.de/magazine/brand-eins-wirtschaftsmagazin/2019/gehalt/leichte-sprache-also-haben-wir-uns-nur-ganz-wenig-vorgenommen, line 175: TypeError: consent is null
JavaScript error: https://www.brandeins.de/magazine/brand-eins-wirtschaftsmagazin/2019/mit-leichtem-gepaeck/dann-kriegt-der-journalist-kein-geld, line 175: TypeError: consent is null
JavaScript error: https://www.brandeins.de/magazine/brand-eins-wirtschaftsmagazin/2019/komplexitaet/unser-video-ist-super-geworden, line 175: TypeError: consent is null
JavaScript error: https://www.brandeins.de/magazine/brand-eins-wirtschaftsmagazin/2019/unabhaengigkeit/leichte-sprache-die-wirkung-von-alkohol-ist-meistens-angenehm, line 175: TypeError: consent is null
JavaScript error: https://www.brandeins.de/magazine/brand-eins-wirtschaftsmagazin/2019/provinz/leichte-sprache-oder-kommt-dabei-nur-unsinn-raus, line 175: TypeError: consent is null
JavaScript error: https://www.brandeins.de/magazine/brand-eins-wirtschaftsmagazin/2019/gefuehle/die-leichte-sprache-das-kannst-du-auf-jeden-fall-glauben, line 175: TypeError: consent is null
JavaScript error: https://www.brandeins.de/magazine/brand-eins-wirtschaftsmagazin/2019/digitalisierung/leichte-sprache-die-leute-sollen-nicht-so-viel-verdienen, line 175: TypeError: consent is null
JavaScript error: https://www.brandeins.de/magazine/brand-eins-wirtschaftsmagazin/2019/marketing/mit-kartoffeln-und-chia-samen-gibt-es-selten-probleme, line 175: TypeError: consent is null
JavaScript error: https://www.brandeins.de/magazine/brand-eins-wirtschaftsmagazin/2019/widerstaende-ueberwinden/leichte-sprache-jeder-sieht-etwas-anderes, line 175: TypeError: consent is null
JavaScript error: https://www.brandeins.de/magazine/brand-eins-wirtschaftsmagazin/2018/naehe-und-distanz/leichte-sprache-und-ich-habe-es-trotzdem-erzaehlt, line 175: TypeError: consent is null
JavaScript error: https://www.brandeins.de/magazine/brand-eins-wirtschaftsmagazin/2018/lebensmittel/leichte-sprache-eine-frau-nur-zum-reden, line 175: TypeError: consent is null
JavaScript error: https://www.brandeins.de/magazine/brand-eins-wirtschaftsmagazin/2018/reste/man-darf-nicht-im-muell-von-anderen-leuten-wuehlen, line 175: TypeError: consent is null
JavaScript error: https://www.brandeins.de/magazine/brand-eins-wirtschaftsmagazin/2018/personal/leichte-sprache-es-geht-vorbei, line 175: TypeError: consent is null
JavaScript error: https://www.brandeins.de/magazine/brand-eins-wirtschaftsmagazin/2018/wetter/leichte-sprache-damit-keiner-wurst-kauft-wenn-er-keine-wurst-will, line 175: TypeError: consent is null
JavaScript error: https://www.brandeins.de/magazine/brand-eins-wirtschaftsmagazin/2018/service/leichte-sprache-der-musiker-hat-wohl-keine-drogen-dabei-genommen, line 176: TypeError: consent is null
JavaScript error: https://www.brandeins.de/magazine/brand-eins-wirtschaftsmagazin/2018/geld/leichte-sprache-denn-sie-wollen-alle-gerade-zaehne, line 175: TypeError: consent is null
JavaScript error: https://www.brandeins.de/magazine/brand-eins-wirtschaftsmagazin/2018/geduld/leichte-sprache-dann-weiss-google-noch-mehr, line 175: TypeError: consent is null
JavaScript error: https://www.brandeins.de/magazine/brand-eins-wirtschaftsmagazin/2018/mobilitaet/leichte-sprache-hauptsache-das-gras-ist-gruen, line 175: TypeError: consent is null
JavaScript error: https://www.brandeins.de/magazine/brand-eins-wirtschaftsmagazin/2018/sicherheit/leichte-sprache-manchmal-muss-die-polizei-ins-internet, line 175: TypeError: consent is null
JavaScript error: https://www.brandeins.de/magazine/brand-eins-wirtschaftsmagazin/2018/marketing/dann-hat-die-firma-pech-dann-muss-sie-marketing-machen, line 175: TypeError: consent is null
JavaScript error: https://www.brandeins.de/magazine/brand-eins-wirtschaftsmagazin/2018/reset/bitcoins-leichte-sprache, line 175: TypeError: consent is null
JavaScript error: https://www.brandeins.de/magazine/brand-eins-wirtschaftsmagazin/2017/ueberraschung/denn-der-wald-ist-wichtig, line 175: TypeError: consent is null
JavaScript error: https://www.brandeins.de/magazine/brand-eins-wirtschaftsmagazin/2017/frauen-maenner/auf-dem-salat-liegt-eine-muschel, line 175: TypeError: consent is null
JavaScript error: https://www.brandeins.de/magazine/brand-eins-wirtschaftsmagazin/2017/strategie/das-war-sehr-frech-von-ihnen, line 175: TypeError: consent is null
JavaScript error: https://www.brandeins.de/magazine/brand-eins-wirtschaftsmagazin/2017/loslassen/solange-putze-ich-diesen-zahn-schon, line 175: TypeError: consent is null
JavaScript error: https://www.brandeins.de/magazine/brand-eins-wirtschaftsmagazin/2017/wettbewerb/einer-muss-draussen-stehen-und-winken, line 175: TypeError: consent is null
JavaScript error: https://www.brandeins.de/magazine/brand-eins-wirtschaftsmagazin/2017/umsonst/es-gibt-sogar-einen-hausmeister, line 175: TypeError: consent is null
JavaScript error: https://www.brandeins.de/magazine/brand-eins-wirtschaftsmagazin/2017/fortschritt/was-aendert-sich-fuer-mich, line 175: TypeError: consent is null
JavaScript error: https://www.brandeins.de/magazine/brand-eins-wirtschaftsmagazin/2017/mut/frueher-waren-die-mitarbeiter-manchmal-traurig, line 175: TypeError: consent is null
JavaScript error: https://www.brandeins.de/magazine/brand-eins-wirtschaftsmagazin/2017/neue-arbeit/oft-verlierst-du-geld-weil-die-leute-ihre-meinung-aendern, line 175: TypeError: consent is null
JavaScript error: https://www.brandeins.de/magazine/brand-eins-wirtschaftsmagazin/2017/marketing/du-kannst-gerne-mit-deinen-feinden-bloedsinn-machen, line 175: TypeError: consent is null
JavaScript error: https://www.brandeins.de/magazine/brand-eins-wirtschaftsmagazin/2017/offenheit/dafuer-haben-wir-ganz-viele-regeln-gemacht, line 175: TypeError: consent is null
JavaScript error: https://www.brandeins.de/magazine/brand-eins-wirtschaftsmagazin/2016/geschmack/also-dachte-josef-ich-mache-lieber-schluss, line 175: TypeError: consent is null
JavaScript error: https://www.brandeins.de/magazine/brand-eins-wirtschaftsmagazin/2016/intuition/wir-haben-sie-nicht-gut-beraten, line 175: TypeError: consent is null
JavaScript error: https://www.brandeins.de/magazine/brand-eins-wirtschaftsmagazin/2016/gesundheit/wenn-mein-kollege-mit-absicht-boese-zu-mir-ist, line 179: TypeError: consent is null
JavaScript error: https://www.brandeins.de/magazine/brand-eins-wirtschaftsmagazin/2016/vorbilder/apple-weiss-wo-ich-wohne, line 175: TypeError: consent is null
JavaScript error: https://www.brandeins.de/magazine/brand-eins-wirtschaftsmagazin/2016/lust/david-cameron-ist-sich-ganz-sicher, line 175: TypeError: consent is null
1656530794584	Marionette	INFO	Stopped listening on port 64004
console.warn: TopSitesFeed: Failed to fetch data from Contile server: NetworkError when attempting to fetch resource.
1656531418489	geckodriver	INFO	Listening on 127.0.0.1:64152
1656531421557	mozrunner::runner	INFO	Running command: "C:\\Program Files\\Mozilla Firefox\\firefox.exe" "--marionette" "--remote-debugging-port" "64153" "--remote-allow-hosts" "localhost" "-no-remote" "-profile" "C:\\Users\\daber\\AppData\\Local\\Temp\\rust_mozprofilem3XffE"
1656531421975	Marionette	INFO	Marionette enabled
WebDriver BiDi listening on ws://localhost:64153
console.warn: SearchSettings: "get: No settings file exists, new profile?" (new NotFoundError("Could not open the file at C:\\Users\\daber\\AppData\\Local\\Temp\\rust_mozprofilem3XffE\\search.json.mozlz4", (void 0)))
1656531424031	Marionette	INFO	Listening on port 64173
DevTools listening on ws://localhost:64153/devtools/browser/2b13f5e4-66c5-4877-92ab-42007c698849
Read port: 64173
1656531424099	RemoteAgent	WARN	TLS certificate errors will be ignored for this session
JavaScript error: https://www.brandeins.de/themen/rubriken/leichte-sprache, line 171: TypeError: consent is null
1656531427819	geckodriver	INFO	Listening on 127.0.0.1:64211
1656531582811	geckodriver	INFO	Listening on 127.0.0.1:64257
1656531585877	mozrunner::runner	INFO	Running command: "C:\\Program Files\\Mozilla Firefox\\firefox.exe" "--marionette" "--remote-debugging-port" "64258" "--remote-allow-hosts" "localhost" "-no-remote" "-profile" "C:\\Users\\daber\\AppData\\Local\\Temp\\rust_mozprofile7i43JJ"
1656531586293	Marionette	INFO	Marionette enabled
WebDriver BiDi listening on ws://localhost:64258
console.warn: SearchSettings: "get: No settings file exists, new profile?" (new NotFoundError("Could not open the file at C:\\Users\\daber\\AppData\\Local\\Temp\\rust_mozprofile7i43JJ\\search.json.mozlz4", (void 0)))
1656531588301	Marionette	INFO	Listening on port 64282
DevTools listening on ws://localhost:64258/devtools/browser/1803682b-78e4-439c-aa7f-a8a522b55a92
Read port: 64282
1656531588347	RemoteAgent	WARN	TLS certificate errors will be ignored for this session
JavaScript error: https://www.brandeins.de/themen/rubriken/leichte-sprache, line 171: TypeError: consent is null
1656531607836	Marionette	INFO	Stopped listening on port 64282
console.warn: TopSitesFeed: Failed to fetch data from Contile server: NetworkError when attempting to fetch resource.

###!!! [Parent][PGPUParent] Error: RunMessage(msgname=PGPU::Msg_ShutdownVR) Channel closing: too late to send/recv, messages will be lost

ileJSMHQY"
1656531595613	Marionette	INFO	Marionette enabled
WebDriver BiDi listening on ws://localhost:64320
console.warn: SearchSettings: "get: No settings file exists, new profile?" (new NotFoundError("Could not open the file at C:\\Users\\daber\\AppData\\Local\\Temp\\rust_mozprofileJSMHQY\\search.json.mozlz4", (void 0)))
1656531597374	Marionette	INFO	Listening on port 64340
Read port: 64340
DevTools listening on ws://localhost:64320/devtools/browser/48f324c7-59ce-4ec5-b3ff-42429e2e2c74
1656531597411	RemoteAgent	WARN	TLS certificate errors will be ignored for this session
JavaScript error: https://www.brandeins.de/magazine/brand-eins-wirtschaftsmagazin/2020/die-neue-konsumgesellschaft/erst-mal-darfst-du-nur-ein-jahr-fest-bei-uns-arbeiten, line 175: TypeError: consent is null
JavaScript error: https://www.brandeins.de/magazine/brand-eins-wirtschaftsmagazin/2020/leistung/man-darf-auch-nicht-so-tun-als-waere-es-ein-milch-erzeugnis, line 175: TypeError: consent is null
JavaScript error: https://www.brandeins.de/magazine/brand-eins-wirtschaftsmagazin/2020/neuer-generationenvertrag/andere-leute-duerfen-damit-nicht-schaukeln-oder-huepfen, line 175: TypeError: consent is null
1656531606317	Marionette	INFO	Stopped listening on port 64340
console.warn: TopSitesFeed: Failed to fetch data from Contile server: NetworkError when attempting to fetch resource.

###!!! [Parent][PGPUParent] Error: RunMessage(msgname=PGPU::Msg_ShutdownVR) Channel closing: too late to send/recv, messages will be lost

1656531633520	geckodriver	INFO	Listening on 127.0.0.1:64381
1656531636573	mozrunner::runner	INFO	Running command: "C:\\Program Files\\Mozilla Firefox\\firefox.exe" "--marionette" "--remote-debugging-port" "64382" "--remote-allow-hosts" "localhost" "-no-remote" "-profile" "C:\\Users\\daber\\AppData\\Local\\Temp\\rust_mozprofileeOfKRK"
1656531637022	Marionette	INFO	Marionette enabled
WebDriver BiDi listening on ws://localhost:64382
console.warn: SearchSettings: "get: No settings file exists, new profile?" (new NotFoundError("Could not open the file at C:\\Users\\daber\\AppData\\Local\\Temp\\rust_mozprofileeOfKRK\\search.json.mozlz4", (void 0)))
1656531638869	Marionette	INFO	Listening on port 64405
DevTools listening on ws://localhost:64382/devtools/browser/95308241-87f5-4154-9328-da1c7b9c9575
Read port: 64405
1656531638917	RemoteAgent	WARN	TLS certificate errors will be ignored for this session
JavaScript error: https://www.brandeins.de/themen/rubriken/leichte-sprache, line 171: TypeError: consent is null
1656531658395	Marionette	INFO	Stopped listening on port 64405
console.warn: TopSitesFeed: Failed to fetch data from Contile server: NetworkError when attempting to fetch resource.
remote-debugging-port" "64443" "--remote-allow-hosts" "localhost" "-no-remote" "-profile" "C:\\Users\\daber\\AppData\\Local\\Temp\\rust_mozprofilec0BQfk"
1656531646136	Marionette	INFO	Marionette enabled
WebDriver BiDi listening on ws://localhost:64443
console.warn: SearchSettings: "get: No settings file exists, new profile?" (new NotFoundError("Could not open the file at C:\\Users\\daber\\AppData\\Local\\Temp\\rust_mozprofilec0BQfk\\search.json.mozlz4", (void 0)))
1656531647939	Marionette	INFO	Listening on port 64463
Read port: 64463
DevTools listening on ws://localhost:64443/devtools/browser/2a4565f3-2be6-496d-993d-44e94394288f
1656531647981	RemoteAgent	WARN	TLS certificate errors will be ignored for this session
JavaScript error: https://www.brandeins.de/magazine/brand-eins-wirtschaftsmagazin/2020/die-neue-konsumgesellschaft/erst-mal-darfst-du-nur-ein-jahr-fest-bei-uns-arbeiten, line 175: TypeError: consent is null
JavaScript error: https://www.brandeins.de/magazine/brand-eins-wirtschaftsmagazin/2020/leistung/man-darf-auch-nicht-so-tun-als-waere-es-ein-milch-erzeugnis, line 175: TypeError: consent is null
JavaScript error: https://www.brandeins.de/magazine/brand-eins-wirtschaftsmagazin/2020/neuer-generationenvertrag/andere-leute-duerfen-damit-nicht-schaukeln-oder-huepfen, line 175: TypeError: consent is null
1656531657275	Marionette	INFO	Stopped listening on port 64463
console.warn: TopSitesFeed: Failed to fetch data from Contile server: NetworkError when attempting to fetch resource.
1656531699726	geckodriver	INFO	Listening on 127.0.0.1:64509
1656531702788	mozrunner::runner	INFO	Running command: "C:\\Program Files\\Mozilla Firefox\\firefox.exe" "--marionette" "--remote-debugging-port" "64510" "--remote-allow-hosts" "localhost" "-no-remote" "-profile" "C:\\Users\\daber\\AppData\\Local\\Temp\\rust_mozprofileQGEuyT"
1656531703225	Marionette	INFO	Marionette enabled
WebDriver BiDi listening on ws://localhost:64510
console.warn: SearchSettings: "get: No settings file exists, new profile?" (new NotFoundError("Could not open the file at C:\\Users\\daber\\AppData\\Local\\Temp\\rust_mozprofileQGEuyT\\search.json.mozlz4", (void 0)))
1656531705229	Marionette	INFO	Listening on port 64531
Read port: 64531
1656531705273	RemoteAgent	WARN	TLS certificate errors will be ignored for this session
DevTools listening on ws://localhost:64510/devtools/browser/603be3b7-e8fa-4196-8871-8303fbefac44
JavaScript error: https://www.brandeins.de/themen/rubriken/leichte-sprache, line 171: TypeError: consent is null
1656531709019	geckodriver	INFO	Listening on 127.0.0.1:64568
1656531712072	mozrunner::runner	INFO	Running command: "C:\\Program Files\\Mozilla Firefox\\firefox.exe" "--marionette" "--remote-debugging-port" "64569" "--remote-allow-hosts" "localhost" "-no-remote" "-profile" "C:\\Users\\daber\\AppData\\Local\\Temp\\rust_mozprofilelm0RPW"
1656531712466	Marionette	INFO	Marionette enabled
WebDriver BiDi listening on ws://localhost:64569
console.warn: SearchSettings: "get: No settings file exists, new profile?" (new NotFoundError("Could not open the file at C:\\Users\\daber\\AppData\\Local\\Temp\\rust_mozprofilelm0RPW\\search.json.mozlz4", (void 0)))
1656531714234	Marionette	INFO	Listening on port 64589
DevTools listening on ws://localhost:64569/devtools/browser/5806c1e7-0b1f-4a8f-8646-abedaa16a30b
Read port: 64589
1656531714313	RemoteAgent	WARN	TLS certificate errors will be ignored for this session
JavaScript error: https://www.brandeins.de/magazine/brand-eins-wirtschaftsmagazin/2020/die-neue-konsumgesellschaft/erst-mal-darfst-du-nur-ein-jahr-fest-bei-uns-arbeiten, line 175: TypeError: consent is null
JavaScript error: https://www.brandeins.de/magazine/brand-eins-wirtschaftsmagazin/2020/leistung/man-darf-auch-nicht-so-tun-als-waere-es-ein-milch-erzeugnis, line 175: TypeError: consent is null
JavaScript error: https://www.brandeins.de/magazine/brand-eins-wirtschaftsmagazin/2020/neuer-generationenvertrag/andere-leute-duerfen-damit-nicht-schaukeln-oder-huepfen, line 175: TypeError: consent is null
JavaScript error: https://www.brandeins.de/magazine/brand-eins-wirtschaftsmagazin/2020/pause/die-leute-sollen-denken-ich-muss-jetzt-schnell-was-kaufen, line 175: TypeError: consent is null
JavaScript error: https://www.brandeins.de/magazine/brand-eins-wirtschaftsmagazin/2020/unternehmertum/eine-maschine-zum-kochen-von-tee, line 175: TypeError: consent is null
JavaScript error: https://www.brandeins.de/magazine/brand-eins-wirtschaftsmagazin/2020/neu-sortieren/mit-uns-koennen-mehr-leute-geld-verdienen, line 175: TypeError: consent is null
JavaScript error: https://www.brandeins.de/magazine/brand-eins-wirtschaftsmagazin/2020/unterhaltung/ins-gefaengnis-kommt-man-nicht-einfach-so, line 175: TypeError: consent is null
JavaScript error: https://www.brandeins.de/magazine/brand-eins-wirtschaftsmagazin/2020/investieren/leichte-sprache-da-haben-sie-neues-ueber-den-umgang-mit-bibern-erfahren, line 175: TypeError: consent is null
JavaScript error: https://www.brandeins.de/magazine/brand-eins-wirtschaftsmagazin/2019/wahrnehmung/leichte-sprache-ein-krankenhaus-ist-kein-hotel, line 175: TypeError: consent is null
JavaScript error: https://www.brandeins.de/magazine/brand-eins-wirtschaftsmagazin/2019/marketing/mit-kartoffeln-und-chia-samen-gibt-es-selten-probleme, line 175: TypeError: consent is null
JavaScript error: https://www.brandeins.de/magazine/brand-eins-wirtschaftsmagazin/2019/widerstaende-ueberwinden/leichte-sprache-jeder-sieht-etwas-anderes, line 175: TypeError: consent is null
JavaScript error: https://www.brandeins.de/magazine/brand-eins-wirtschaftsmagazin/2018/naehe-und-distanz/leichte-sprache-und-ich-habe-es-trotzdem-erzaehlt, line 175: TypeError: consent is null
JavaScript error: https://www.brandeins.de/magazine/brand-eins-wirtschaftsmagazin/2018/lebensmittel/leichte-sprache-eine-frau-nur-zum-reden, line 175: TypeError: consent is null
JavaScript error: https://www.brandeins.de/magazine/brand-eins-wirtschaftsmagazin/2018/sicherheit/leichte-sprache-manchmal-muss-die-polizei-ins-internet, line 175: TypeError: consent is null
JavaScript error: https://www.brandeins.de/magazine/brand-eins-wirtschaftsmagazin/2018/marketing/dann-hat-die-firma-pech-dann-muss-sie-marketing-machen, line 175: TypeError: consent is null
